# JRE version: Java(TM) SE Runtime Environment (8.0_144-b01) (build 1.8.0_144-b01)
# Java VM: Java HotSpot(TM) 64-Bit Server VM (25.144-b01 mixed mode windows-amd64 compressed oops)
Heap:
 PSYoungGen      total 164352K, used 111508K [0x00000000d5e00000, 0x00000000e3180000, 0x0000000100000000)
  eden space 152064K, 73% used [0x00000000d5e00000,0x00000000dcae50b0,0x00000000df280000)
  from space 12288K, 0% used [0x00000000dff80000,0x00000000dff80000,0x00000000e0b80000)
  to   space 13312K, 0% used [0x00000000df280000,0x00000000df280000,0x00000000dff80000)
 ParOldGen       total 60416K, used 13530K [0x0000000081a00000, 0x0000000085500000, 0x00000000d5e00000)
  object space 60416K, 22% used [0x0000000081a00000,0x0000000082736920,0x0000000085500000)
 Metaspace       used 46404K, capacity 48524K, committed 48688K, reserved 1091584K
  class space    used 6250K, capacity 6613K, committed 6704K, reserved 1048576K
GC Heap History (10 events):
Event: 1.701 GC heap before
{Heap before GC invocations=6 (full 1):
 PSYoungGen      total 71680K, used 5108K [0x00000000d5e00000, 0x00000000df300000, 0x0000000100000000)
  eden space 66560K, 0% used [0x00000000d5e00000,0x00000000d5e00000,0x00000000d9f00000)
  from space 5120K, 99% used [0x00000000d9f00000,0x00000000da3fd290,0x00000000da400000)
  to   space 9728K, 0% used [0x00000000de980000,0x00000000de980000,0x00000000df300000)
 ParOldGen       total 87552K, used 5297K [0x0000000081a00000, 0x0000000086f80000, 0x00000000d5e00000)
  object space 87552K, 6% used [0x0000000081a00000,0x0000000081f2c748,0x0000000086f80000)
 Metaspace       used 20563K, capacity 21254K, committed 21296K, reserved 1067008K
  class space    used 2652K, capacity 2823K, committed 2864K, reserved 1048576K
Event: 1.739 GC heap after
Heap after GC invocations=6 (full 1):
 PSYoungGen      total 71680K, used 0K [0x00000000d5e00000, 0x00000000df300000, 0x0000000100000000)
  eden space 66560K, 0% used [0x00000000d5e00000,0x00000000d5e00000,0x00000000d9f00000)
  from space 5120K, 0% used [0x00000000d9f00000,0x00000000d9f00000,0x00000000da400000)
  to   space 9728K, 0% used [0x00000000de980000,0x00000000de980000,0x00000000df300000)
 ParOldGen       total 60416K, used 9013K [0x0000000081a00000, 0x0000000085500000, 0x00000000d5e00000)
  object space 60416K, 14% used [0x0000000081a00000,0x00000000822cd4e8,0x0000000085500000)
 Metaspace       used 20563K, capacity 21254K, committed 21296K, reserved 1067008K
  class space    used 2652K, capacity 2823K, committed 2864K, reserved 1048576K
}
Event: 2.171 GC heap before
{Heap before GC invocations=7 (full 1):
 PSYoungGen      total 71680K, used 66560K [0x00000000d5e00000, 0x00000000df300000, 0x0000000100000000)
  eden space 66560K, 100% used [0x00000000d5e00000,0x00000000d9f00000,0x00000000d9f00000)
  from space 5120K, 0% used [0x00000000d9f00000,0x00000000d9f00000,0x00000000da400000)
  to   space 9728K, 0% used [0x00000000de980000,0x00000000de980000,0x00000000df300000)
 ParOldGen       total 60416K, used 9013K [0x0000000081a00000, 0x0000000085500000, 0x00000000d5e00000)
  object space 60416K, 14% used [0x0000000081a00000,0x00000000822cd4e8,0x0000000085500000)
 Metaspace       used 22133K, capacity 22990K, committed 23088K, reserved 1069056K
  class space    used 2850K, capacity 3073K, committed 3120K, reserved 1048576K
Event: 2.176 GC heap after
Heap after GC invocations=7 (full 1):
 PSYoungGen      total 105472K, used 2685K [0x00000000d5e00000, 0x00000000dec80000, 0x0000000100000000)
  eden space 102400K, 0% used [0x00000000d5e00000,0x00000000d5e00000,0x00000000dc200000)
  from space 3072K, 87% used [0x00000000de980000,0x00000000dec1f430,0x00000000dec80000)
  to   space 9728K, 0% used [0x00000000dd980000,0x00000000dd980000,0x00000000de300000)
 ParOldGen       total 60416K, used 9021K [0x0000000081a00000, 0x0000000085500000, 0x00000000d5e00000)
  object space 60416K, 14% used [0x0000000081a00000,0x00000000822cf4e8,0x0000000085500000)
 Metaspace       used 22133K, capacity 22990K, committed 23088K, reserved 1069056K
  class space    used 2850K, capacity 3073K, committed 3120K, reserved 1048576K
}
Event: 4.027 GC heap before
{Heap before GC invocations=8 (full 1):
 PSYoungGen      total 105472K, used 105080K [0x00000000d5e00000, 0x00000000dec80000, 0x0000000100000000)
  eden space 102400K, 99% used [0x00000000d5e00000,0x00000000dc1fec48,0x00000000dc200000)
  from space 3072K, 87% used [0x00000000de980000,0x00000000dec1f430,0x00000000dec80000)
  to   space 9728K, 0% used [0x00000000dd980000,0x00000000dd980000,0x00000000de300000)
 ParOldGen       total 60416K, used 9021K [0x0000000081a00000, 0x0000000085500000, 0x00000000d5e00000)
  object space 60416K, 14% used [0x0000000081a00000,0x00000000822cf4e8,0x0000000085500000)
 Metaspace       used 29531K, capacity 31122K, committed 31408K, reserved 1077248K
  class space    used 3855K, capacity 4156K, committed 4272K, reserved 1048576K
Event: 4.043 GC heap after
Heap after GC invocations=8 (full 1):
 PSYoungGen      total 136192K, used 9699K [0x00000000d5e00000, 0x00000000e0b80000, 0x0000000100000000)
  eden space 126464K, 0% used [0x00000000d5e00000,0x00000000d5e00000,0x00000000dd980000)
  from space 9728K, 99% used [0x00000000dd980000,0x00000000de2f8f80,0x00000000de300000)
  to   space 12288K, 0% used [0x00000000dff80000,0x00000000dff80000,0x00000000e0b80000)
 ParOldGen       total 60416K, used 10477K [0x0000000081a00000, 0x0000000085500000, 0x00000000d5e00000)
  object space 60416K, 17% used [0x0000000081a00000,0x000000008243b5c8,0x0000000085500000)
 Metaspace       used 29531K, capacity 31122K, committed 31408K, reserved 1077248K
  class space    used 3855K, capacity 4156K, committed 4272K, reserved 1048576K
}
Event: 4.561 GC heap before
{Heap before GC invocations=9 (full 1):
 PSYoungGen      total 136192K, used 106119K [0x00000000d5e00000, 0x00000000e0b80000, 0x0000000100000000)
  eden space 126464K, 76% used [0x00000000d5e00000,0x00000000dbc28e90,0x00000000dd980000)
  from space 9728K, 99% used [0x00000000dd980000,0x00000000de2f8f80,0x00000000de300000)
  to   space 12288K, 0% used [0x00000000dff80000,0x00000000dff80000,0x00000000e0b80000)
 ParOldGen       total 60416K, used 10477K [0x0000000081a00000, 0x0000000085500000, 0x00000000d5e00000)
  object space 60416K, 17% used [0x0000000081a00000,0x000000008243b5c8,0x0000000085500000)
 Metaspace       used 33723K, capacity 35374K, committed 35496K, reserved 1081344K
  class space    used 4329K, capacity 4626K, committed 4656K, reserved 1048576K
Event: 4.574 GC heap after
Heap after GC invocations=9 (full 1):
 PSYoungGen      total 164352K, used 9710K [0x00000000d5e00000, 0x00000000e3180000, 0x0000000100000000)
  eden space 152064K, 0% used [0x00000000d5e00000,0x00000000d5e00000,0x00000000df280000)
  from space 12288K, 79% used [0x00000000dff80000,0x00000000e08fba18,0x00000000e0b80000)
  to   space 13312K, 0% used [0x00000000df280000,0x00000000df280000,0x00000000dff80000)
 ParOldGen       total 60416K, used 10485K [0x0000000081a00000, 0x0000000085500000, 0x00000000d5e00000)
  object space 60416K, 17% used [0x0000000081a00000,0x000000008243d5c8,0x0000000085500000)
 Metaspace       used 33723K, capacity 35374K, committed 35496K, reserved 1081344K
  class space    used 4329K, capacity 4626K, committed 4656K, reserved 1048576K
}
Event: 4.574 GC heap before
{Heap before GC invocations=10 (full 2):
 PSYoungGen      total 164352K, used 9710K [0x00000000d5e00000, 0x00000000e3180000, 0x0000000100000000)
  eden space 152064K, 0% used [0x00000000d5e00000,0x00000000d5e00000,0x00000000df280000)
  from space 12288K, 79% used [0x00000000dff80000,0x00000000e08fba18,0x00000000e0b80000)
  to   space 13312K, 0% used [0x00000000df280000,0x00000000df280000,0x00000000dff80000)
 ParOldGen       total 60416K, used 10485K [0x0000000081a00000, 0x0000000085500000, 0x00000000d5e00000)
  object space 60416K, 17% used [0x0000000081a00000,0x000000008243d5c8,0x0000000085500000)
 Metaspace       used 33723K, capacity 35374K, committed 35496K, reserved 1081344K
  class space    used 4329K, capacity 4626K, committed 4656K, reserved 1048576K
Event: 4.652 GC heap after
Heap after GC invocations=10 (full 2):
 PSYoungGen      total 164352K, used 0K [0x00000000d5e00000, 0x00000000e3180000, 0x0000000100000000)
  eden space 152064K, 0% used [0x00000000d5e00000,0x00000000d5e00000,0x00000000df280000)
  from space 12288K, 0% used [0x00000000dff80000,0x00000000dff80000,0x00000000e0b80000)
  to   space 13312K, 0% used [0x00000000df280000,0x00000000df280000,0x00000000dff80000)
 ParOldGen       total 60416K, used 13530K [0x0000000081a00000, 0x0000000085500000, 0x00000000d5e00000)
  object space 60416K, 22% used [0x0000000081a00000,0x0000000082736920,0x0000000085500000)
 Metaspace       used 33723K, capacity 35374K, committed 35496K, reserved 1081344K
  class space    used 4329K, capacity 4626K, committed 4656K, reserved 1048576K
}

