# JRE version: Java(TM) SE Runtime Environment (8.0_144-b01) (build 1.8.0_144-b01)
# Java VM: Java HotSpot(TM) 64-Bit Server VM (25.144-b01 mixed mode windows-amd64 compressed oops)
Heap:
 PSYoungGen      total 71680K, used 3471K [0x00000000d5e00000, 0x00000000da900000, 0x0000000100000000)
  eden space 66560K, 0% used [0x00000000d5e00000,0x00000000d5e00000,0x00000000d9f00000)
  from space 5120K, 67% used [0x00000000d9f00000,0x00000000da263f58,0x00000000da400000)
  to   space 5120K, 0% used [0x00000000da400000,0x00000000da400000,0x00000000da900000)
 ParOldGen       total 55296K, used 5886K [0x0000000081a00000, 0x0000000085000000, 0x00000000d5e00000)
  object space 55296K, 10% used [0x0000000081a00000,0x0000000081fbf8e8,0x0000000085000000)
 Metaspace       used 24245K, capacity 25132K, committed 25216K, reserved 1075200K
  class space    used 3175K, capacity 3381K, committed 3456K, reserved 1048576K
GC Heap History (10 events):
Event: 1.861 GC heap after
Heap after GC invocations=4 (full 0):
 PSYoungGen      total 71680K, used 5088K [0x00000000d5e00000, 0x00000000da900000, 0x0000000100000000)
  eden space 66560K, 0% used [0x00000000d5e00000,0x00000000d5e00000,0x00000000d9f00000)
  from space 5120K, 99% used [0x00000000da400000,0x00000000da8f80b8,0x00000000da900000)
  to   space 5120K, 0% used [0x00000000d9f00000,0x00000000d9f00000,0x00000000da400000)
 ParOldGen       total 87552K, used 3354K [0x0000000081a00000, 0x0000000086f80000, 0x00000000d5e00000)
  object space 87552K, 3% used [0x0000000081a00000,0x0000000081d46b58,0x0000000086f80000)
 Metaspace       used 19135K, capacity 19774K, committed 20096K, reserved 1067008K
  class space    used 2473K, capacity 2630K, committed 2688K, reserved 1048576K
}
Event: 1.981 GC heap before
{Heap before GC invocations=5 (full 0):
 PSYoungGen      total 71680K, used 26503K [0x00000000d5e00000, 0x00000000da900000, 0x0000000100000000)
  eden space 66560K, 32% used [0x00000000d5e00000,0x00000000d72e9ce0,0x00000000d9f00000)
  from space 5120K, 99% used [0x00000000da400000,0x00000000da8f80b8,0x00000000da900000)
  to   space 5120K, 0% used [0x00000000d9f00000,0x00000000d9f00000,0x00000000da400000)
 ParOldGen       total 87552K, used 3354K [0x0000000081a00000, 0x0000000086f80000, 0x00000000d5e00000)
  object space 87552K, 3% used [0x0000000081a00000,0x0000000081d46b58,0x0000000086f80000)
 Metaspace       used 20566K, capacity 21222K, committed 21296K, reserved 1067008K
  class space    used 2702K, capacity 2894K, committed 2944K, reserved 1048576K
Event: 1.991 GC heap after
Heap after GC invocations=5 (full 0):
 PSYoungGen      total 71680K, used 5110K [0x00000000d5e00000, 0x00000000da900000, 0x0000000100000000)
  eden space 66560K, 0% used [0x00000000d5e00000,0x00000000d5e00000,0x00000000d9f00000)
  from space 5120K, 99% used [0x00000000d9f00000,0x00000000da3fdba0,0x00000000da400000)
  to   space 5120K, 0% used [0x00000000da400000,0x00000000da400000,0x00000000da900000)
 ParOldGen       total 87552K, used 4356K [0x0000000081a00000, 0x0000000086f80000, 0x00000000d5e00000)
  object space 87552K, 4% used [0x0000000081a00000,0x0000000081e41390,0x0000000086f80000)
 Metaspace       used 20566K, capacity 21222K, committed 21296K, reserved 1067008K
  class space    used 2702K, capacity 2894K, committed 2944K, reserved 1048576K
}
Event: 1.991 GC heap before
{Heap before GC invocations=6 (full 1):
 PSYoungGen      total 71680K, used 5110K [0x00000000d5e00000, 0x00000000da900000, 0x0000000100000000)
  eden space 66560K, 0% used [0x00000000d5e00000,0x00000000d5e00000,0x00000000d9f00000)
  from space 5120K, 99% used [0x00000000d9f00000,0x00000000da3fdba0,0x00000000da400000)
  to   space 5120K, 0% used [0x00000000da400000,0x00000000da400000,0x00000000da900000)
 ParOldGen       total 87552K, used 4356K [0x0000000081a00000, 0x0000000086f80000, 0x00000000d5e00000)
  object space 87552K, 4% used [0x0000000081a00000,0x0000000081e41390,0x0000000086f80000)
 Metaspace       used 20566K, capacity 21222K, committed 21296K, reserved 1067008K
  class space    used 2702K, capacity 2894K, committed 2944K, reserved 1048576K
Event: 2.034 GC heap after
Heap after GC invocations=6 (full 1):
 PSYoungGen      total 71680K, used 0K [0x00000000d5e00000, 0x00000000da900000, 0x0000000100000000)
  eden space 66560K, 0% used [0x00000000d5e00000,0x00000000d5e00000,0x00000000d9f00000)
  from space 5120K, 0% used [0x00000000d9f00000,0x00000000d9f00000,0x00000000da400000)
  to   space 5120K, 0% used [0x00000000da400000,0x00000000da400000,0x00000000da900000)
 ParOldGen       total 55296K, used 5878K [0x0000000081a00000, 0x0000000085000000, 0x00000000d5e00000)
  object space 55296K, 10% used [0x0000000081a00000,0x0000000081fbd8e8,0x0000000085000000)
 Metaspace       used 20566K, capacity 21222K, committed 21296K, reserved 1067008K
  class space    used 2702K, capacity 2894K, committed 2944K, reserved 1048576K
}
Event: 2.385 GC heap before
{Heap before GC invocations=7 (full 1):
 PSYoungGen      total 71680K, used 66560K [0x00000000d5e00000, 0x00000000da900000, 0x0000000100000000)
  eden space 66560K, 100% used [0x00000000d5e00000,0x00000000d9f00000,0x00000000d9f00000)
  from space 5120K, 0% used [0x00000000d9f00000,0x00000000d9f00000,0x00000000da400000)
  to   space 5120K, 0% used [0x00000000da400000,0x00000000da400000,0x00000000da900000)
 ParOldGen       total 55296K, used 5878K [0x0000000081a00000, 0x0000000085000000, 0x00000000d5e00000)
  object space 55296K, 10% used [0x0000000081a00000,0x0000000081fbd8e8,0x0000000085000000)
 Metaspace       used 23254K, capacity 24106K, committed 24320K, reserved 1071104K
  class space    used 3059K, capacity 3276K, committed 3328K, reserved 1048576K
Event: 2.394 GC heap after
Heap after GC invocations=7 (full 1):
 PSYoungGen      total 71680K, used 3202K [0x00000000d5e00000, 0x00000000da900000, 0x0000000100000000)
  eden space 66560K, 0% used [0x00000000d5e00000,0x00000000d5e00000,0x00000000d9f00000)
  from space 5120K, 62% used [0x00000000da400000,0x00000000da7209e8,0x00000000da900000)
  to   space 5120K, 0% used [0x00000000d9f00000,0x00000000d9f00000,0x00000000da400000)
 ParOldGen       total 55296K, used 5878K [0x0000000081a00000, 0x0000000085000000, 0x00000000d5e00000)
  object space 55296K, 10% used [0x0000000081a00000,0x0000000081fbd8e8,0x0000000085000000)
 Metaspace       used 23254K, capacity 24106K, committed 24320K, reserved 1071104K
  class space    used 3059K, capacity 3276K, committed 3328K, reserved 1048576K
}
Event: 2.794 GC heap before
{Heap before GC invocations=8 (full 1):
 PSYoungGen      total 71680K, used 39454K [0x00000000d5e00000, 0x00000000da900000, 0x0000000100000000)
  eden space 66560K, 54% used [0x00000000d5e00000,0x00000000d8166e70,0x00000000d9f00000)
  from space 5120K, 62% used [0x00000000da400000,0x00000000da7209e8,0x00000000da900000)
  to   space 5120K, 0% used [0x00000000d9f00000,0x00000000d9f00000,0x00000000da400000)
 ParOldGen       total 55296K, used 5878K [0x0000000081a00000, 0x0000000085000000, 0x00000000d5e00000)
  object space 55296K, 10% used [0x0000000081a00000,0x0000000081fbd8e8,0x0000000085000000)
 Metaspace       used 24245K, capacity 25132K, committed 25216K, reserved 1075200K
  class space    used 3175K, capacity 3381K, committed 3456K, reserved 1048576K
Event: 2.800 GC heap after
Heap after GC invocations=8 (full 1):
 PSYoungGen      total 71680K, used 3471K [0x00000000d5e00000, 0x00000000da900000, 0x0000000100000000)
  eden space 66560K, 0% used [0x00000000d5e00000,0x00000000d5e00000,0x00000000d9f00000)
  from space 5120K, 67% used [0x00000000d9f00000,0x00000000da263f58,0x00000000da400000)
  to   space 5120K, 0% used [0x00000000da400000,0x00000000da400000,0x00000000da900000)
 ParOldGen       total 55296K, used 5886K [0x0000000081a00000, 0x0000000085000000, 0x00000000d5e00000)
  object space 55296K, 10% used [0x0000000081a00000,0x0000000081fbf8e8,0x0000000085000000)
 Metaspace       used 24245K, capacity 25132K, committed 25216K, reserved 1075200K
  class space    used 3175K, capacity 3381K, committed 3456K, reserved 1048576K
}
Event: 2.800 GC heap before
{Heap before GC invocations=9 (full 2):
 PSYoungGen      total 71680K, used 3471K [0x00000000d5e00000, 0x00000000da900000, 0x0000000100000000)
  eden space 66560K, 0% used [0x00000000d5e00000,0x00000000d5e00000,0x00000000d9f00000)
  from space 5120K, 67% used [0x00000000d9f00000,0x00000000da263f58,0x00000000da400000)
  to   space 5120K, 0% used [0x00000000da400000,0x00000000da400000,0x00000000da900000)
 ParOldGen       total 55296K, used 5886K [0x0000000081a00000, 0x0000000085000000, 0x00000000d5e00000)
  object space 55296K, 10% used [0x0000000081a00000,0x0000000081fbf8e8,0x0000000085000000)
 Metaspace       used 24245K, capacity 25132K, committed 25216K, reserved 1075200K
  class space    used 3175K, capacity 3381K, committed 3456K, reserved 1048576K

